<?xml version="1.0" encoding="UTF-8"?>
<testsuite name="com.assignment.apica.ApicaApplicationTests" tests="1" skipped="0" failures="0" errors="0" timestamp="2025-05-08T12:02:55.347Z" hostname="L-SAISANDEEP-UBN" time="0.518">
  <properties/>
  <testcase name="contextLoads()" classname="com.assignment.apica.ApicaApplicationTests" time="0.518"/>
  <system-out><![CDATA[Standard Commons Logging discovery in action with spring-jcl: please remove commons-logging.jar from classpath in order to avoid potential conflicts
17:32:50.779 [Test worker] INFO org.springframework.test.context.support.AnnotationConfigContextLoaderUtils -- Could not detect default configuration classes for test class [com.assignment.apica.ApicaApplicationTests]: ApicaApplicationTests does not declare any static, non-private, non-final, nested classes annotated with @Configuration.
17:32:50.840 [Test worker] INFO org.springframework.boot.test.context.SpringBootTestContextBootstrapper -- Found @SpringBootConfiguration com.assignment.apica.ApicaApplication for test class com.assignment.apica.ApicaApplicationTests

  .   ____          _            __ _ _
 /\\ / ___'_ __ _ _(_)_ __  __ _ \ \ \ \
( ( )\___ | '_ | '_| | '_ \/ _` | \ \ \ \
 \\/  ___)| |_)| | | | | || (_| |  ) ) ) )
  '  |____| .__|_| |_|_| |_\__, | / / / /
 =========|_|==============|___/=/_/_/_/

 :: Spring Boot ::                (v3.4.5)

2025-05-08T17:32:51.133+05:30  WARN 50763 --- [assigment] [    Test worker] ory$DuplicateJsonObjectContextCustomizer : 

Found multiple occurrences of org.json.JSONObject on the class path:

	jar:file:/home/sai/.gradle/caches/modules-2/files-2.1/org.json/json/20230618/1ae16df7d556d02713e241086f878399e99260d6/json-20230618.jar!/org/json/JSONObject.class
	jar:file:/home/sai/.gradle/caches/modules-2/files-2.1/com.vaadin.external.google/android-json/0.0.20131108.vaadin1/fa26d351fe62a6a17f5cda1287c1c6110dec413f/android-json-0.0.20131108.vaadin1.jar!/org/json/JSONObject.class

You may wish to exclude one of them to ensure predictable runtime behavior

2025-05-08T17:32:51.143+05:30  INFO 50763 --- [assigment] [    Test worker] c.a.apica.ApicaApplicationTests          : Starting ApicaApplicationTests using Java 17.0.11 with PID 50763 (started by sai in /home/sai/Downloads/apica)
2025-05-08T17:32:51.143+05:30  INFO 50763 --- [assigment] [    Test worker] c.a.apica.ApicaApplicationTests          : The following 1 profile is active: "local"
2025-05-08T17:32:51.816+05:30  INFO 50763 --- [assigment] [    Test worker] .s.d.r.c.RepositoryConfigurationDelegate : Multiple Spring Data modules found, entering strict repository configuration mode
2025-05-08T17:32:51.818+05:30  INFO 50763 --- [assigment] [    Test worker] .s.d.r.c.RepositoryConfigurationDelegate : Bootstrapping Spring Data JPA repositories in DEFAULT mode.
2025-05-08T17:32:51.969+05:30  INFO 50763 --- [assigment] [    Test worker] .s.d.r.c.RepositoryConfigurationDelegate : Finished Spring Data repository scanning in 140 ms. Found 1 JPA repository interface.
2025-05-08T17:32:51.993+05:30  INFO 50763 --- [assigment] [    Test worker] .s.d.r.c.RepositoryConfigurationDelegate : Multiple Spring Data modules found, entering strict repository configuration mode
2025-05-08T17:32:51.995+05:30  INFO 50763 --- [assigment] [    Test worker] .s.d.r.c.RepositoryConfigurationDelegate : Bootstrapping Spring Data Redis repositories in DEFAULT mode.
2025-05-08T17:32:52.013+05:30  INFO 50763 --- [assigment] [    Test worker] .RepositoryConfigurationExtensionSupport : Spring Data Redis - Could not safely identify store assignment for repository candidate interface com.assignment.apica.repository.UsersRepo; If you want this repository to be a Redis repository, consider annotating your entities with one of these annotations: org.springframework.data.redis.core.RedisHash (preferred), or consider extending one of the following types with your repository: org.springframework.data.keyvalue.repository.KeyValueRepository
2025-05-08T17:32:52.014+05:30  INFO 50763 --- [assigment] [    Test worker] .s.d.r.c.RepositoryConfigurationDelegate : Finished Spring Data repository scanning in 7 ms. Found 0 Redis repository interfaces.
2025-05-08T17:32:52.528+05:30  INFO 50763 --- [assigment] [    Test worker] o.hibernate.jpa.internal.util.LogHelper  : HHH000204: Processing PersistenceUnitInfo [name: default]
2025-05-08T17:32:52.588+05:30  INFO 50763 --- [assigment] [    Test worker] org.hibernate.Version                    : HHH000412: Hibernate ORM core version 6.6.13.Final
2025-05-08T17:32:52.623+05:30  INFO 50763 --- [assigment] [    Test worker] o.h.c.internal.RegionFactoryInitiator    : HHH000026: Second-level cache disabled
2025-05-08T17:32:52.876+05:30  INFO 50763 --- [assigment] [    Test worker] o.s.o.j.p.SpringPersistenceUnitInfo      : No LoadTimeWeaver setup: ignoring JPA class transformer
2025-05-08T17:32:52.908+05:30  INFO 50763 --- [assigment] [    Test worker] com.zaxxer.hikari.HikariDataSource       : HikariPool-1 - Starting...
2025-05-08T17:32:53.074+05:30  INFO 50763 --- [assigment] [    Test worker] com.zaxxer.hikari.pool.HikariPool        : HikariPool-1 - Added connection org.postgresql.jdbc.PgConnection@740ee00f
2025-05-08T17:32:53.076+05:30  INFO 50763 --- [assigment] [    Test worker] com.zaxxer.hikari.HikariDataSource       : HikariPool-1 - Start completed.
2025-05-08T17:32:53.098+05:30  WARN 50763 --- [assigment] [    Test worker] org.hibernate.orm.deprecation            : HHH90000025: PostgreSQLDialect does not need to be specified explicitly using 'hibernate.dialect' (remove the property setting and it will be selected by default)
2025-05-08T17:32:53.117+05:30  INFO 50763 --- [assigment] [    Test worker] org.hibernate.orm.connections.pooling    : HHH10001005: Database info:
	Database JDBC URL [Connecting through datasource 'HikariDataSource (HikariPool-1)']
	Database driver: undefined/unknown
	Database version: 17.2
	Autocommit mode: undefined/unknown
	Isolation level: undefined/unknown
	Minimum pool size: undefined/unknown
	Maximum pool size: undefined/unknown
2025-05-08T17:32:53.897+05:30  INFO 50763 --- [assigment] [    Test worker] o.h.e.t.j.p.i.JtaPlatformInitiator       : HHH000489: No JTA platform available (set 'hibernate.transaction.jta.platform' to enable JTA platform integration)
2025-05-08T17:32:53.951+05:30  INFO 50763 --- [assigment] [    Test worker] j.LocalContainerEntityManagerFactoryBean : Initialized JPA EntityManagerFactory for persistence unit 'default'
2025-05-08T17:32:54.222+05:30  WARN 50763 --- [assigment] [    Test worker] JpaBaseConfiguration$JpaWebConfiguration : spring.jpa.open-in-view is enabled by default. Therefore, database queries may be performed during view rendering. Explicitly configure spring.jpa.open-in-view to disable this warning
2025-05-08T17:32:54.234+05:30 DEBUG 50763 --- [assigment] [    Test worker] swordEncoderAuthenticationManagerBuilder : No authenticationProviders and no parentAuthenticationManager defined. Returning null.
2025-05-08T17:32:54.556+05:30 DEBUG 50763 --- [assigment] [    Test worker] o.s.s.web.DefaultSecurityFilterChain     : Will secure any request with filters: DisableEncodeUrlFilter, WebAsyncManagerIntegrationFilter, SecurityContextHolderFilter, HeaderWriterFilter, LogoutFilter, RequestCacheAwareFilter, SecurityContextHolderAwareRequestFilter, AnonymousAuthenticationFilter, ExceptionTranslationFilter, AuthorizationFilter
2025-05-08T17:32:55.330+05:30  INFO 50763 --- [assigment] [    Test worker] c.a.apica.ApicaApplicationTests          : Started ApicaApplicationTests in 4.397 seconds (process running for 5.097)
]]></system-out>
  <system-err><![CDATA[]]></system-err>
</testsuite>
